Content-Type: text/plain; charset="utf-8"
MIME-Version: 1.0
Content-Transfer-Encoding: 8bit
Subject: Password reset on 127.0.0.1:8000
From: webmaster@localhost
To: noumedemtamiflorian@gmail.com
Date: Wed, 26 May 2021 11:39:58 -0000
Message-ID: 
 <162202919803.56489.2806834032761411154@noumedem-HP-EliteBook-8560p>


You're receiving this email because you requested a password reset for your user account at 127.0.0.1:8000.

Please go to the following page and choose a new password:

http://127.0.0.1:8000/accounts/reset/Mg/an972l-7228a43714e905a538bd2d25f657d8f5/

Your username, in case you’ve forgotten: noumedem

Thanks for using our site!

The 127.0.0.1:8000 team



-------------------------------------------------------------------------------
Content-Type: text/plain; charset="utf-8"
MIME-Version: 1.0
Content-Transfer-Encoding: 8bit
Subject: Password reset on 127.0.0.1:8000
From: webmaster@localhost
To: noumedemtamiflorian@gmail.com
Date: Wed, 26 May 2021 11:39:58 -0000
Message-ID: 
 <162202919803.56489.14972019064764798205@noumedem-HP-EliteBook-8560p>


You're receiving this email because you requested a password reset for your user account at 127.0.0.1:8000.

Please go to the following page and choose a new password:

http://127.0.0.1:8000/accounts/reset/NA/an972m-4f09ccbc4d97e6b268fb7c7e44276e96/

Your username, in case you’ve forgotten: noumedem_tami_florian

Thanks for using our site!

The 127.0.0.1:8000 team



-------------------------------------------------------------------------------
